Maurice is looking for an alga to eat...
Alga loses 2 pv => 13
Delicious! Maurice won 3pv => 8
Dory is looking for a fish to eat...
Sorry Dory, cannot eat a fish like you
Percy is looking for a fish to eat...
Dory loses 4 pv => 1
Delicious! I loved you, Dory... Percy won 5pv => 10
Aglae is looking for an alga to eat...
Alga loses 2 pv => 13
Delicious! Aglae won 3pv => 8
Ston is looking for an alga to eat...
Alga loses 2 pv => 13
Delicious! Ston won 3pv => 8
Muût is looking for a fish to eat...
Johnson loses 4 pv => 2
Delicious! I loved you, Johnson... Muût won 5pv => 10
Johnson is looking for an alga to eat...
Alga loses 2 pv => 11
Delicious! Johnson won 3pv => 4
baby-182639 is looking for an alga to eat...
Alga loses 2 pv => 11
Delicious! baby-182639 won 3pv => 8
Dory is looking for a fish to eat...
Aglae loses 4 pv => 4
Delicious! I loved you, Aglae... Dory won 5pv => 5
Aglae is looking for an alga to eat...
Alga loses 2 pv => 10
Delicious! Aglae won 3pv => 6
Johnson is looking for an alga to eat...
Alga loses 2 pv => 12
Delicious! Johnson won 3pv => 6
A fish died... RIP Aglae
Dory is looking for a fish to eat...
Percy loses 4 pv => 5
Delicious! I loved you, Percy... Dory won 5pv => 9
Percy is looking for a fish to eat...
Dory loses 4 pv => 5
Delicious! I loved you, Dory... Percy won 5pv => 9
Johnson is looking for an alga to eat...
Alga loses 2 pv => 11
Delicious! Johnson won 3pv => 8
