Maurice is looking for an alga to eat...
Alga loses 2 pv => 13
Delicious! Maurice won 3pv => 8
Dory is looking for a fish to eat...
Maurice loses 4 pv => 4
Delicious! I loved you, Maurice... Dory won 5pv => 10
Percy is looking for a fish to eat...
Sorry Percy, cannot eat a fish like you
Delicious! I loved you, Dory... Percy won 5pv => 10
Aglaë is looking for a fish to eat...
Maurice loses 4 pv => 0
Delicious! I loved you, Maurice... Aglaë won 5pv => 10
Ston is looking for a fish to eat...
Open loses 4 pv => 2
Delicious! I loved you, Open... Ston won 5pv => 10
Muût is looking for an alga to eat...
Alga loses 2 pv => 13
Delicious! Muût won 3pv => 8
Open is looking for an alga to eat...
Alga loses 2 pv => 11
Delicious! Open won 3pv => 4
Johnson is looking for an alga to eat...
Alga loses 2 pv => 11
Delicious! Johnson won 3pv => 8
A fish died... RIP Maurice
Open is looking for an alga to eat...
Alga loses 2 pv => 14
Delicious! Open won 3pv => 6
Open is looking for an alga to eat...
Alga loses 2 pv => 13
Delicious! Open won 3pv => 8
Muût is looking for an alga to eat...
Alga loses 2 pv => 12
Delicious! Muût won 3pv => 8
Johnson is looking for an alga to eat...
Alga loses 2 pv => 12
Delicious! Johnson won 3pv => 8
Dory is looking for a fish to eat...
Sorry Dory, cannot eat a fish like you
Sorry Dory, cannot eat a fish like you
Aglaë loses 4 pv => 2
Delicious! I loved you, Aglaë... Dory won 5pv => 10
Percy is looking for a fish to eat...
Johnson loses 4 pv => 3
Delicious! I loved you, Johnson... Percy won 5pv => 10
Aglaë is looking for a fish to eat...
Percy loses 4 pv => 6
Delicious! I loved you, Percy... Aglaë won 5pv => 6
Ston is looking for a fish to eat...
Muût loses 4 pv => 3
Delicious! I loved you, Muût... Ston won 5pv => 10
Muût is looking for an alga to eat...
Alga loses 2 pv => 12
Delicious! Muût won 3pv => 5
Open is looking for an alga to eat...
Alga loses 2 pv => 12
Delicious! Open won 3pv => 8
Johnson is looking for an alga to eat...
Alga loses 2 pv => 10
Delicious! Johnson won 3pv => 5
Percy is looking for a fish to eat...
Ston loses 4 pv => 6
Delicious! I loved you, Ston... Percy won 5pv => 10
Aglaë is looking for a fish to eat...
Ston loses 4 pv => 2
Delicious! I loved you, Ston... Aglaë won 5pv => 10
Ston is looking for a fish to eat...
Open loses 4 pv => 4
Delicious! I loved you, Open... Ston won 5pv => 6
Muût is looking for an alga to eat...
Alga loses 2 pv => 11
Delicious! Muût won 3pv => 7
Open is looking for an alga to eat...
Alga loses 2 pv => 9
Delicious! Open won 3pv => 6
Johnson is looking for an alga to eat...
Alga loses 2 pv => 15
Delicious! Johnson won 3pv => 7
Ston is looking for a fish to eat...
Aglaë loses 4 pv => 5
Delicious! I loved you, Aglaë... Ston won 5pv => 10
Open is looking for an alga to eat...
Alga loses 2 pv => 10
Delicious! Open won 3pv => 8
Aglaë is looking for a fish to eat...
Ston loses 4 pv => 6
Delicious! I loved you, Ston... Aglaë won 5pv => 9
Ston is looking for a fish to eat...
Johnson loses 4 pv => 2
Delicious! I loved you, Johnson... Ston won 5pv => 10
Muût is looking for an alga to eat...
Alga loses 2 pv => 15
Delicious! Muût won 3pv => 8
Johnson is looking for an alga to eat...
Alga loses 2 pv => 9
Delicious! Johnson won 3pv => 4
Johnson is looking for an alga to eat...
Alga loses 2 pv => 8
Delicious! Johnson won 3pv => 6
Dory is looking for a fish to eat...
Sorry Dory, cannot eat a fish like you
Delicious! I loved you, Percy... Dory won 5pv => 10
Open is looking for an alga to eat...
Alga loses 2 pv => 15
Delicious! Open won 3pv => 8
Johnson is looking for an alga to eat...
Alga loses 2 pv => 13
Delicious! Johnson won 3pv => 8
Percy is looking for a fish to eat...
Sorry Percy, cannot eat a fish like you
Sorry Percy, cannot eat a fish like you
Aglaë loses 4 pv => 3
Delicious! I loved you, Aglaë... Percy won 5pv => 10
Aglaë is looking for a fish to eat...
Muût loses 4 pv => 2
Delicious! I loved you, Muût... Aglaë won 5pv => 7
Muût is looking for an alga to eat...
Alga loses 2 pv => 8
Delicious! Muût won 3pv => 4
Muût is looking for an alga to eat...
Alga loses 2 pv => 7
Delicious! Muût won 3pv => 6
Aglaë is looking for a fish to eat...
Johnson loses 4 pv => 2
Delicious! I loved you, Johnson... Aglaë won 5pv => 10
Ston is looking for a fish to eat...
Open loses 4 pv => 2
Delicious! I loved you, Open... Ston won 5pv => 10
Muût is looking for an alga to eat...
Alga loses 2 pv => 14
Delicious! Muût won 3pv => 8
Open is looking for an alga to eat...
Alga loses 2 pv => 6
Delicious! Open won 3pv => 4
Johnson is looking for an alga to eat...
Alga loses 2 pv => 14
Delicious! Johnson won 3pv => 4
Open is looking for an alga to eat...
Alga loses 2 pv => 13
Delicious! Open won 3pv => 6
Johnson is looking for an alga to eat...
Alga loses 2 pv => 13
Delicious! Johnson won 3pv => 6
Dory is looking for a fish to eat...
Muût loses 4 pv => 3
Delicious! I loved you, Muût... Dory won 5pv => 10
Muût is looking for an alga to eat...
Alga loses 2 pv => 12
Delicious! Muût won 3pv => 5
Open is looking for an alga to eat...
Alga loses 2 pv => 6
Delicious! Open won 3pv => 8
Johnson is looking for an alga to eat...
Alga loses 2 pv => 4
Delicious! Johnson won 3pv => 8
Maurice is looking for an alga to eat...
Alga loses 2 pv => 13
Delicious! Maurice won 3pv => 8
Dory is looking for a fish to eat...
Johnson loses 4 pv => 2
Delicious! I loved you, Johnson... Dory won 5pv => 10
Percy is looking for a fish to eat...
Open loses 4 pv => 2
Delicious! I loved you, Open... Percy won 5pv => 10
Aglae is looking for a fish to eat...
Muût loses 4 pv => 2
Delicious! I loved you, Muût... Aglae won 5pv => 10
Ston is looking for a fish to eat...
Johnson loses 4 pv => -2
Delicious! I loved you, Johnson... Ston won 5pv => 10
Muût is looking for an alga to eat...
Alga loses 2 pv => 13
Delicious! Muût won 3pv => 4
Open is looking for an alga to eat...
Alga loses 2 pv => 11
Delicious! Open won 3pv => 4
Johnson is looking for an alga to eat...
Alga loses 2 pv => 13
Delicious! Johnson won 3pv => 0
A fish died... RIP Johnson
Muût is looking for an alga to eat...
Alga loses 2 pv => 10
Delicious! Muût won 3pv => 6
Open is looking for an alga to eat...
Alga loses 2 pv => 12
Delicious! Open won 3pv => 6
Muût is looking for an alga to eat...
Alga loses 2 pv => 13
Delicious! Muût won 3pv => 8
Open is looking for an alga to eat...
Alga loses 2 pv => 11
Delicious! Open won 3pv => 8
Maurice is looking for an alga to eat...
Alga loses 2 pv => 10
Delicious! Maurice won 3pv => 8
Dory is looking for a fish to eat...
Sorry Dory, cannot eat a fish like you
Percy is looking for a fish to eat...
Ston loses 4 pv => 2
Delicious! I loved you, Ston... Percy won 5pv => 10
Aglae is looking for a fish to eat...
Ston loses 4 pv => -2
Delicious! I loved you, Ston... Aglae won 5pv => 10
Ston is looking for a fish to eat...
Dory loses 4 pv => 1
Delicious! I loved you, Dory... Ston won 5pv => 2
Muût is looking for an alga to eat...
Alga loses 2 pv => 12
Delicious! Muût won 3pv => 8
Open is looking for an alga to eat...
Alga loses 2 pv => 14
Delicious! Open won 3pv => 8
Maurice is looking for an alga to eat...
Alga loses 2 pv => 13
Delicious! Maurice won 3pv => 8
Dory is looking for a fish to eat...
Aglae loses 4 pv => 6
Delicious! I loved you, Aglae... Dory won 5pv => 5
Aglae is looking for a fish to eat...
Ston loses 4 pv => -2
Delicious! I loved you, Ston... Aglae won 5pv => 10
Ston is looking for a fish to eat...
Open loses 4 pv => 4
Delicious! I loved you, Open... Ston won 5pv => 2
Open is looking for an alga to eat...
Alga loses 2 pv => 11
Delicious! Open won 3pv => 6
Dory is looking for a fish to eat...
Ston loses 4 pv => -2
Delicious! I loved you, Ston... Dory won 5pv => 9
Ston is looking for a fish to eat...
Open loses 4 pv => 2
Delicious! I loved you, Open... Ston won 5pv => 2
Open is looking for an alga to eat...
Alga loses 2 pv => 10
Delicious! Open won 3pv => 4
Ston is looking for a fish to eat...
Muût loses 4 pv => 2
Delicious! I loved you, Muût... Ston won 5pv => 6
Muût is looking for an alga to eat...
Alga loses 2 pv => 9
Delicious! Muût won 3pv => 4
Open is looking for an alga to eat...
Alga loses 2 pv => 13
Delicious! Open won 3pv => 6
Maurice is looking for an alga to eat...
Alga loses 2 pv => 14
Delicious! Maurice won 3pv => 8
Ston is looking for a fish to eat...
Sorry Ston, cannot eat a fish like you
Muût is looking for an alga to eat...
Alga loses 2 pv => 12
Delicious! Muût won 3pv => 6
Open is looking for an alga to eat...
Alga loses 2 pv => 8
Delicious! Open won 3pv => 8
Percy is looking for a fish to eat...
Maurice loses 4 pv => 3
Delicious! I loved you, Maurice... Percy won 5pv => 10
Ston is looking for a fish to eat...
Open loses 4 pv => 4
Delicious! I loved you, Open... Ston won 5pv => 9
Muût is looking for an alga to eat...
Alga loses 2 pv => 13
Delicious! Muût won 3pv => 8
Open is looking for an alga to eat...
Alga loses 2 pv => 11
Delicious! Open won 3pv => 6
Maurice is looking for an alga to eat...
Alga loses 2 pv => 10
Delicious! Maurice won 3pv => 5
Dory is looking for a fish to eat...
Ston loses 4 pv => 5
Delicious! I loved you, Ston... Dory won 5pv => 10
Aglae is looking for a fish to eat...
Open loses 4 pv => 2
Delicious! I loved you, Open... Aglae won 5pv => 10
Ston is looking for a fish to eat...
Open loses 4 pv => -2
Delicious! I loved you, Open... Ston won 5pv => 9
Open is looking for an alga to eat...
Alga loses 2 pv => 8
Delicious! Open won 3pv => 0
A fish died... RIP Open
Maurice is looking for an alga to eat...
Alga loses 2 pv => 9
Delicious! Maurice won 3pv => 7
Muût is looking for an alga to eat...
Alga loses 2 pv => 8
Delicious! Muût won 3pv => 8
Maurice is looking for an alga to eat...
Alga loses 2 pv => 15
Delicious! Maurice won 3pv => 8
Percy is looking for a fish to eat...
Aglae loses 4 pv => 3
Delicious! I loved you, Aglae... Percy won 5pv => 10
Aglae is looking for a fish to eat...
Percy loses 4 pv => 6
Delicious! I loved you, Percy... Aglae won 5pv => 7
Ston is looking for a fish to eat...
Maurice loses 4 pv => 3
Delicious! I loved you, Maurice... Ston won 5pv => 10
